AsiaMaterial/FtcRobotController/build/outputs/apk/manifest-merger-debug-report.txt
-- Merging decision tree log ---
manifest
ADDED from AndroidManifest.xml:2:1
	package
		ADDED from AndroidManifest.xml:3:11
	android:versionName
		ADDED from AndroidManifest.xml:5:11
	android:versionCode
		ADDED from AndroidManifest.xml:4:11
		INJECTED from AndroidManifest.xml:0:0
		INJECTED from AndroidManifest.xml:0:0
	xmlns:android
		ADDED from AndroidManifest.xml:2:11
uses-permission#android.permission.ACCESS_WIFI_STATE
ADDED from AndroidManifest.xml:7:3
	android:required
		ADDED from AndroidManifest.xml:9:5
	android:name
		ADDED from AndroidManifest.xml:8:5
uses-permission#android.permission.CHANGE_WIFI_STATE
ADDED from AndroidManifest.xml:10:3
	android:required
		ADDED from AndroidManifest.xml:12:5
	android:name
		ADDED from AndroidManifest.xml:11:5
uses-permission#android.permission.ACCESS_NETWORK_STATE
ADDED from AndroidManifest.xml:13:3
	android:required
		ADDED from AndroidManifest.xml:15:5
	android:name
		ADDED from AndroidManifest.xml:14:5
uses-permission#android.permission.CHANGE_NETWORK_STATE
ADDED from AndroidManifest.xml:16:3
	android:required
		ADDED from AndroidManifest.xml:18:5
	android:name
		ADDED from AndroidManifest.xml:17:5
uses-permission#android.permission.INTERNET
ADDED from AndroidManifest.xml:19:3
	android:required
		ADDED from AndroidManifest.xml:21:5
	android:name
		ADDED from AndroidManifest.xml:20:5
uses-permission#android.permission.WRITE_EXTERNAL_STORAGE
ADDED from AndroidManifest.xml:22:3
	android:required
		ADDED from AndroidManifest.xml:24:5
	android:name
		ADDED from AndroidManifest.xml:23:5
uses-permission#android.permission.READ_EXTERNAL_STORAGE
ADDED from AndroidManifest.xml:25:3
	android:required
		ADDED from AndroidManifest.xml:27:5
	android:name
		ADDED from AndroidManifest.xml:26:5
uses-permission#android.permission.WRITE_SETTINGS
ADDED from AndroidManifest.xml:28:3
	android:required
		ADDED from AndroidManifest.xml:30:5
	android:name
		ADDED from AndroidManifest.xml:29:5
uses-feature#android.hardware.usb.accessory
ADDED from AndroidManifest.xml:32:3
	android:name
		ADDED from AndroidManifest.xml:32:17
application
ADDED from AndroidManifest.xml:34:3
MERGED from ftc_sdk:FtcCommon:unspecified:11:5
	android:label
		ADDED from AndroidManifest.xml:37:5
	android:allowBackup
		ADDED from AndroidManifest.xml:35:5
	android:icon
		ADDED from AndroidManifest.xml:36:5
	android:theme
		ADDED from AndroidManifest.xml:38:5
activity#com.qualcomm.ftcrobotcontroller.FtcRobotControllerActivity
ADDED from AndroidManifest.xml:39:5
	android:label
		ADDED from AndroidManifest.xml:42:7
	android:launchMode
		ADDED from AndroidManifest.xml:43:7
	android:configChanges
		ADDED from AndroidManifest.xml:41:7
	android:name
		ADDED from AndroidManifest.xml:40:7
intent-filter#android.hardware.usb.action.USB_DEVICE_ATTACHED+android.intent.action.MAIN+android.intent.category.LAUNCHER
ADDED from AndroidManifest.xml:44:7
action#android.intent.action.MAIN
ADDED from AndroidManifest.xml:45:9
	android:name
		ADDED from AndroidManifest.xml:45:17
category#android.intent.category.LAUNCHER
ADDED from AndroidManifest.xml:47:9
	android:name
		ADDED from AndroidManifest.xml:47:19
action#android.hardware.usb.action.USB_DEVICE_ATTACHED
ADDED from AndroidManifest.xml:49:9
	android:name
		ADDED from AndroidManifest.xml:49:17
meta-data#android.hardware.usb.action.USB_DEVICE_ATTACHED
ADDED from AndroidManifest.xml:52:7
	android:resource
		ADDED from AndroidManifest.xml:54:9
	android:name
		ADDED from AndroidManifest.xml:53:9
activity#com.qualcomm.ftcrobotcontroller.FtcWifiChannelSelectorActivity
ADDED from AndroidManifest.xml:56:5
	android:label
		ADDED from AndroidManifest.xml:58:7
	android:name
		ADDED from AndroidManifest.xml:57:7
activity#com.qualcomm.ftcrobotcontroller.AboutActivity
ADDED from AndroidManifest.xml:60:5
	android:label
		ADDED from AndroidManifest.xml:62:7
	android:name
		ADDED from AndroidManifest.xml:61:7
activity#com.qualcomm.ftcrobotcontroller.FtcRobotControllerSettingsActivity
ADDED from AndroidManifest.xml:64:5
	android:label
		ADDED from AndroidManifest.xml:66:7
	android:name
		ADDED from AndroidManifest.xml:65:7
activity#com.qualcomm.ftcrobotcontroller.FtcConfigurationActivity
ADDED from AndroidManifest.xml:68:5
	android:label
		ADDED from AndroidManifest.xml:71:7
	android:configChanges
		ADDED from AndroidManifest.xml:70:7
	android:name
		ADDED from AndroidManifest.xml:69:7
activity#com.qualcomm.ftcrobotcontroller.EditMotorControllerActivity
ADDED from AndroidManifest.xml:73:5
	android:label
		ADDED from AndroidManifest.xml:76:7
	android:windowSoftInputMode
		ADDED from AndroidManifest.xml:77:7
	android:configChanges
		ADDED from AndroidManifest.xml:75:7
	android:name
		ADDED from AndroidManifest.xml:74:7
activity#com.qualcomm.ftcrobotcontroller.EditServoControllerActivity
ADDED from AndroidManifest.xml:79:5
	android:label
		ADDED from AndroidManifest.xml:82:7
	android:windowSoftInputMode
		ADDED from AndroidManifest.xml:83:7
	android:configChanges
		ADDED from AndroidManifest.xml:81:7
	android:name
		ADDED from AndroidManifest.xml:80:7
activity#com.qualcomm.ftcrobotcontroller.EditLegacyModuleControllerActivity
ADDED from AndroidManifest.xml:85:5
	android:label
		ADDED from AndroidManifest.xml:88:7
	android:windowSoftInputMode
		ADDED from AndroidManifest.xml:89:7
	android:configChanges
		ADDED from AndroidManifest.xml:87:7
	android:name
		ADDED from AndroidManifest.xml:86:7
service#com.qualcomm.ftcrobotcontroller.FtcRobotControllerService
ADDED from AndroidManifest.xml:92:5
	android:name
		ADDED from AndroidManifest.xml:92:14
activity#com.qualcomm.ftcrobotcontroller.FtcLoadFileActivity
ADDED from AndroidManifest.xml:94:5
	android:label
		ADDED from AndroidManifest.xml:96:7
	android:name
		ADDED from AndroidManifest.xml:95:7
activity#com.qualcomm.ftcrobotcontroller.AutoConfigureActivity
ADDED from AndroidManifest.xml:98:5
	android:label
		ADDED from AndroidManifest.xml:100:7
	android:name
		ADDED from AndroidManifest.xml:99:7
activity#com.qualcomm.ftcrobotcontroller.ConfigWifiDirectActivity
ADDED from AndroidManifest.xml:102:5
	android:label
		ADDED from AndroidManifest.xml:104:7
	android:name
		ADDED from AndroidManifest.xml:103:7
uses-sdk
INJECTED from AndroidManifest.xml:0:0 reason: use-sdk injection requested
MERGED from ftc_sdk:FtcCommon:unspecified:7:5
MERGED from ftc_sdk:RobotCore:unspecified:7:5
	android:targetSdkVersion
		INJECTED from AndroidManifest.xml:0:0
		INJECTED from AndroidManifest.xml:0:0
	android:minSdkVersion
		INJECTED from AndroidManifest.xml:0:0
		INJECTED from AndroidManifest.xml:0:0
uses-feature#0x00020000
ADDED from ftc_sdk:RobotCore:unspecified:11:5
	android:glEsVersion
		ADDED from ftc_sdk:RobotCore:unspecified:11:19